<?xml version="1.0" encoding="UTF-8"?>
<testng-results ignored="0" total="2" passed="2" failed="0" skipped="0">
  <reporter-output>
  </reporter-output>
  <suite started-at="2022-07-25T21:56:25 BDT" name="Suite" finished-at="2022-07-25T21:57:14 BDT" duration-ms="49406">
    <groups>
    </groups>
    <test started-at="2022-07-25T21:56:25 BDT" name="FireFoxTest" finished-at="2022-07-25T21:56:51 BDT" duration-ms="26359">
      <class name="testCases.TC_LoginTest_001">
        <test-method is-config="true" signature="setup(java.lang.String)[pri:0, instance:testCases.TC_LoginTest_001@353352b6]" started-at="2022-07-25T21:56:25 BDT" name="setup" finished-at="2022-07-25T21:56:29 BDT" duration-ms="3673" status="PASS">
          <params>
            <param index="0">
              <value>
                <![CDATA[firefox]]>
              </value>
            </param>
          </params>
          <reporter-output>
          </reporter-output>
        </test-method> <!-- setup -->
        <test-method signature="LoginTest()[pri:0, instance:testCases.TC_LoginTest_001@353352b6]" started-at="2022-07-25T21:56:29 BDT" name="LoginTest" finished-at="2022-07-25T21:56:50 BDT" duration-ms="21895" status="PASS">
          <reporter-output>
          </reporter-output>
        </test-method> <!-- LoginTest -->
        <test-method is-config="true" signature="tearDown()[pri:0, instance:testCases.TC_LoginTest_001@353352b6]" started-at="2022-07-25T21:56:51 BDT" name="tearDown" finished-at="2022-07-25T21:56:51 BDT" duration-ms="691" status="PASS">
          <reporter-output>
          </reporter-output>
        </test-method> <!-- tearDown -->
      </class> <!-- testCases.TC_LoginTest_001 -->
    </test> <!-- FireFoxTest -->
    <test started-at="2022-07-25T21:56:51 BDT" name="ChromeTest" finished-at="2022-07-25T21:57:14 BDT" duration-ms="23026">
      <class name="testCases.TC_LoginTest_001">
        <test-method is-config="true" signature="setup(java.lang.String)[pri:0, instance:testCases.TC_LoginTest_001@304bb45b]" started-at="2022-07-25T21:56:51 BDT" name="setup" finished-at="2022-07-25T21:56:52 BDT" duration-ms="851" status="PASS">
          <params>
            <param index="0">
              <value>
                <![CDATA[chrome]]>
              </value>
            </param>
          </params>
          <reporter-output>
          </reporter-output>
        </test-method> <!-- setup -->
        <test-method signature="LoginTest()[pri:0, instance:testCases.TC_LoginTest_001@304bb45b]" started-at="2022-07-25T21:56:52 BDT" name="LoginTest" finished-at="2022-07-25T21:57:14 BDT" duration-ms="21989" status="PASS">
          <reporter-output>
          </reporter-output>
        </test-method> <!-- LoginTest -->
        <test-method is-config="true" signature="tearDown()[pri:0, instance:testCases.TC_LoginTest_001@304bb45b]" started-at="2022-07-25T21:57:14 BDT" name="tearDown" finished-at="2022-07-25T21:57:14 BDT" duration-ms="182" status="PASS">
          <reporter-output>
          </reporter-output>
        </test-method> <!-- tearDown -->
      </class> <!-- testCases.TC_LoginTest_001 -->
    </test> <!-- ChromeTest -->
  </suite> <!-- Suite -->
</testng-results>
